老大 MOVE 0,0
老二 MOVE 0,0
老三 MOVE 0,0
老四 MOVE 0,0
老五 MOVE 0,0
老六 MOVE 0,0
老七 MOVE 0,0
爷爷 MOVE 0,0
蝎子精 MOVE 0,0
小喽啰1 MOVE 0,0
小喽啰2 MOVE 0,0
小喽啰3 MOVE 0,0
小喽啰4 MOVE 0,0
小喽啰5 MOVE 0,0
小喽啰6 MOVE 0,0
蛇精 MOVE 0,0
老大 MOVE 0,1
老六 MOVE 0,6
爷爷 MOVE 0,8
蛇精 MOVE 8,8
老五 MOVE 0,5
小喽啰1 MOVE 9,2
小喽啰4 MOVE 8,5
老七 MOVE 0,7
小喽啰2 MOVE 8,3
小喽啰6 MOVE 8,7
老四 MOVE 0,4
小喽啰5 MOVE 9,6
老六 MOVE 1,6
老大 MOVE 1,1
爷爷 MOVE 1,8
蛇精 MOVE 7,8
老五 MOVE 0,6
老三 MOVE 0,3
小喽啰2 MOVE 8,4
小喽啰4 MOVE 7,5
小喽啰1 MOVE 8,2
小喽啰3 MOVE 9,4
老大 MOVE 1,2
老五 MOVE 1,6
老二 MOVE 0,2
蛇精 ENHANCE 小喽啰6
爷爷 ENHANCE 老七
蛇精 MOVE 6,8
爷爷 MOVE 2,8
蝎子精 MOVE 8,1
小喽啰4 MOVE 7,6
小喽啰1 MOVE 7,2
老七 MOVE 1,7
老三 MOVE 0,4
小喽啰5 MOVE 8,6
老六 MOVE 1,5
老五 MOVE 2,6
老二 MOVE 1,2
蛇精 ENHANCE 小喽啰4
蛇精 ENHANCE 小喽啰5
蛇精 ENHANCE 小喽啰6
蛇精 MOVE 6,7
爷爷 MOVE 3,8
蝎子精 MOVE 7,1
小喽啰2 MOVE 8,5
老七 MOVE 2,7
小喽啰1 MOVE 7,3
小喽啰4 MOVE 6,6
老三 MOVE 0,5
小喽啰5 MOVE 7,6
小喽啰6 MOVE 7,7
小喽啰3 MOVE 9,5
老四 MOVE 1,4
老六 MOVE 1,6
老大 MOVE 1,3
老五 MOVE 3,6
老二 MOVE 2,2
蝎子精 MOVE 7,2
爷爷 MOVE 3,7
蛇精 MOVE 5,7
小喽啰3 MOVE 8,5
小喽啰6 MOVE 6,7
老四 MOVE 2,4
小喽啰1 MOVE 7,4
小喽啰2 MOVE 8,6
小喽啰4 MOVE 6,5
老三 MOVE 0,6
老六 MOVE 1,5
老大 MOVE 1,4
老五 MOVE 3,5
老五 ATK 小喽啰4
老二 MOVE 3,2
蝎子精 MOVE 7,3
爷爷 MOVE 3,6
老三 MOVE 1,6
小喽啰4 ATK 老五
小喽啰5 MOVE 6,6
老四 MOVE 3,4
老大 MOVE 2,4
老五 ATK 小喽啰4
蝎子精 MOVE 6,3
蛇精 MOVE 5,6
爷爷 MOVE 4,6
小喽啰6 MOVE 5,7
小喽啰1 MOVE 6,4
小喽啰4 ATK 老五
老五 ATK 小喽啰4
老二 MOVE 3,3
老二 ATK 蝎子精
蝎子精 MOVE 5,3
老三 MOVE 1,5
老四 MOVE 3,5
小喽啰1 MOVE 5,4
老六 MOVE 2,5
老大 MOVE 3,4
老五 MOVE 4,5
老二 MOVE 4,3
老二 ATK 蝎子精
爷爷 ENHANCE 老五
爷爷 MOVE 5,6
蝎子精 ATK 老二
蛇精 ENHANCE 小喽啰5
蛇精 ENHANCE 小喽啰6
蛇精 ENHANCE 小喽啰3
蛇精 ENHANCE 小喽啰2
蛇精 MOVE 6,6
小喽啰5 ATK 爷爷
小喽啰6 MOVE 6,7
老大 MOVE 4,4
老大 ATK 小喽啰1
老五 MOVE 4,6
老二 ATK 蝎子精
蝎子精 ATK 老二
小喽啰1 ATK 老大
小喽啰2 MOVE 7,6
老四 MOVE 3,6
老四 ATK 蛇精
小喽啰5 ATK 爷爷
小喽啰6 MOVE 5,7
老七 MOVE 2,6
老大 MOVE 5,4
老大 ATK 小喽啰5
老二 ATK 蝎子精
蝎子精 ATK 老二
蛇精 ENHANCE 小喽啰5
蛇精 ENHANCE 小喽啰2
蛇精 ENHANCE 小喽啰6
小喽啰1 MOVE 6,4
小喽啰1 ATK 老大
老四 ATK 蛇精
小喽啰3 MOVE 7,5
小喽啰5 ATK 老大
老三 MOVE 1,6
老大 ATK 小喽啰5
蝎子精 MOVE 6,3
老四 ATK 蛇精
小喽啰1 MOVE 5,4
老三 MOVE 2,6
小喽啰5 ATK 老大
小喽啰3 MOVE 7,6
老五 MOVE 4,5
老五 ATK 小喽啰5
蝎子精 MOVE 5,3
蛇精 ENHANCE 小喽啰5
蛇精 ENHANCE 小喽啰2
蛇精 ENHANCE 小喽啰6
小喽啰5 ATK 老五
小喽啰3 MOVE 7,5
小喽啰1 MOVE 6,4
老四 ATK 蛇精
老六 MOVE 3,5
蝎子精 MOVE 6,3
老四 MOVE 4,6
老四 ATK 小喽啰2
老三 MOVE 2,5
老七 MOVE 3,6
老六 MOVE 4,5
老六 ATK 小喽啰5
小喽啰2 MOVE 6,6
小喽啰2 ATK 老六
小喽啰6 MOVE 6,7
小喽啰6 ATK 老四
老三 MOVE 3,5
小喽啰1 ATK 老六
老四 ATK 小喽啰6
老六 ATK 小喽啰2
小喽啰2 ATK 老六
小喽啰3 MOVE 7,6
小喽啰1 MOVE 5,4
小喽啰1 ATK 老三
老三 ATK 小喽啰1
小喽啰6 ATK 老四
蝎子精 MOVE 6,4
老七 MOVE 4,6
老七 ATK 小喽啰6
小喽啰1 ATK 老三
小喽啰3 MOVE 7,5
小喽啰6 ATK 老七
老三 MOVE 4,5
蝎子精 MOVE 5,4
老七 ATK 小喽啰6
小喽啰1 ATK 老七
小喽啰3 MOVE 7,6
小喽啰3 ATK 老七
老七 ATK 小喽啰3
小喽啰1 ATK 老七
小喽啰3 MOVE 6,6
小喽啰3 ATK 老三
老三 MOVE 4,6
老三 ATK 小喽啰1
小喽啰2 MOVE 6,5
小喽啰1 ATK 老三
老三 ATK 小喽啰1
蝎子精 MOVE 6,4
老三 MOVE 4,5
老三 ATK 蝎子精
小喽啰2 MOVE 6,6
小喽啰2 ATK 老三
