老大 MOVE 0,0
老二 MOVE 0,0
老三 MOVE 0,0
老四 MOVE 0,0
老五 MOVE 0,0
老六 MOVE 0,0
老七 MOVE 0,0
爷爷 MOVE 0,0
蝎子精 MOVE 0,0
小喽啰1 MOVE 0,0
小喽啰2 MOVE 0,0
小喽啰3 MOVE 0,0
小喽啰4 MOVE 0,0
小喽啰5 MOVE 0,0
小喽啰6 MOVE 0,0
蛇精 MOVE 0,0
老大 MOVE 0,1
老五 MOVE 0,5
老二 MOVE 0,2
蛇精 ENHANCE 小喽啰6
老三 MOVE 0,3
小喽啰6 MOVE 8,7
老四 MOVE 0,4
小喽啰2 MOVE 8,3
小喽啰1 MOVE 9,2
爷爷 ENHANCE 老七
小喽啰3 MOVE 9,4
老六 MOVE 0,6
老七 MOVE 0,7
蛇精 MOVE 8,8
小喽啰4 MOVE 8,5
老五 MOVE 1,5
老三 MOVE 1,3
老二 MOVE 1,2
老四 MOVE 1,4
小喽啰4 MOVE 8,6
老六 MOVE 0,5
小喽啰6 MOVE 7,7
小喽啰2 MOVE 7,3
小喽啰1 MOVE 8,2
蝎子精 MOVE 8,1
爷爷 MOVE 0,8
蛇精 MOVE 8,7
老大 MOVE 1,1
老五 MOVE 1,6
老四 MOVE 2,4
小喽啰2 MOVE 6,3
老七 MOVE 0,6
老六 MOVE 1,5
小喽啰6 MOVE 6,7
小喽啰1 MOVE 7,2
爷爷 MOVE 1,8
老二 MOVE 2,2
老四 MOVE 2,5
老三 MOVE 2,3
小喽啰4 MOVE 8,5
老七 MOVE 0,5
小喽啰3 MOVE 9,5
蝎子精 MOVE 7,1
小喽啰2 MOVE 6,4
小喽啰1 MOVE 7,3
小喽啰6 MOVE 6,6
老五 MOVE 2,6
老大 MOVE 2,1
老四 MOVE 3,5
老三 MOVE 3,3
老二 MOVE 3,2
老七 MOVE 1,5
老六 MOVE 1,6
小喽啰6 MOVE 6,5
小喽啰4 MOVE 7,5
小喽啰2 MOVE 5,4
小喽啰2 ATK 老四
蝎子精 MOVE 6,1
爷爷 MOVE 1,7
老大 MOVE 3,1
老五 MOVE 3,6
老三 MOVE 4,3
老四 MOVE 4,5
小喽啰5 MOVE 9,6
小喽啰6 MOVE 6,6
小喽啰6 ATK 老四
小喽啰1 MOVE 7,4
小喽啰3 MOVE 8,5
小喽啰4 MOVE 7,6
蝎子精 MOVE 6,2
蛇精 MOVE 8,6
老二 MOVE 4,2
老四 ATK 小喽啰6
老三 MOVE 4,4
老三 ATK 小喽啰1
老大 MOVE 3,2
老五 MOVE 3,5
老五 ATK 小喽啰2
小喽啰5 MOVE 9,5
老七 MOVE 2,5
小喽啰1 MOVE 6,4
小喽啰6 ATK 老四
蝎子精 MOVE 6,3
蝎子精 ATK 老三
小喽啰2 ATK 老五
小喽啰3 MOVE 7,5
蛇精 MOVE 8,5
老二 ATK 蝎子精
老四 ATK 小喽啰6
老三 ATK 小喽啰2
老大 MOVE 4,2
老大 ATK 蝎子精
老五 ATK 小喽啰2
小喽啰5 MOVE 9,6
老七 MOVE 2,6
小喽啰6 MOVE 5,6
小喽啰6 ATK 老五
蝎子精 MOVE 5,3
老二 MOVE 5,2
老二 ATK 蝎子精
老三 ATK 小喽啰6
老五 ATK 小喽啰6
蝎子精 MOVE 6,3
蝎子精 ATK 老三
老四 MOVE 4,6
老四 ATK 小喽啰4
老三 ATK 蝎子精
老二 MOVE 5,3
老二 ATK 蝎子精
老五 MOVE 4,5
老五 ATK 小喽啰1
老大 MOVE 4,3
小喽啰5 MOVE 8,6
老七 MOVE 3,6
小喽啰1 ATK 老五
蛇精 ENHANCE 小喽啰1
蛇精 ENHANCE 小喽啰4
蛇精 ENHANCE 小喽啰3
蛇精 ENHANCE 小喽啰5
爷爷 ENHANCE 老六
小喽啰4 ATK 老四
爷爷 MOVE 1,6
老五 ATK 小喽啰1
老三 MOVE 5,4
老七 MOVE 3,5
老六 MOVE 1,5
小喽啰4 MOVE 6,6
小喽啰4 ATK 老五
爷爷 MOVE 2,6
老三 MOVE 6,4
老七 MOVE 4,5
老七 ATK 小喽啰4
老六 MOVE 1,6
小喽啰4 ATK 老七
爷爷 MOVE 2,5
老二 MOVE 6,3
老二 ATK 小喽啰4
小喽啰5 MOVE 8,5
老七 MOVE 5,5
小喽啰3 MOVE 7,6
小喽啰3 ATK 老七
老六 MOVE 2,6
蛇精 MOVE 7,5
爷爷 MOVE 3,5
老三 MOVE 5,4
老二 MOVE 6,4
老二 ATK 小喽啰3
老大 MOVE 5,3
老七 ATK 小喽啰3
小喽啰5 MOVE 8,6
小喽啰3 ATK 老七
老六 MOVE 2,5
爷爷 MOVE 3,6
蛇精 MOVE 7,6
老二 ATK 蛇精
老大 MOVE 6,3
老七 ATK 小喽啰3
小喽啰5 MOVE 8,5
爷爷 MOVE 3,5
老二 MOVE 6,5
小喽啰5 MOVE 8,6
蛇精 MOVE 7,5
爷爷 MOVE 3,6
老三 ATK 蛇精
老大 ATK 蛇精
老二 ATK 蛇精
小喽啰5 MOVE 8,5
老六 MOVE 2,6
爷爷 ENHANCE 老六
爷爷 ENHANCE 老三
爷爷 ENHANCE 老七
爷爷 MOVE 4,6
老大 MOVE 6,4
小喽啰5 MOVE 8,6
小喽啰5 ATK 老二
老六 MOVE 3,6
爷爷 ENHANCE 老六
爷爷 ENHANCE 老大
爷爷 ENHANCE 老三
爷爷 ENHANCE 老七
老二 MOVE 6,6
小喽啰5 MOVE 7,6
小喽啰5 ATK 老二
老七 MOVE 5,6
老大 MOVE 5,4
老二 ATK 小喽啰5
小喽啰5 ATK 老二
老三 MOVE 5,5
老七 MOVE 6,6
老七 ATK 小喽啰5
老大 MOVE 6,4
小喽啰5 ATK 老七
爷爷 ENHANCE 老六
爷爷 ENHANCE 老大
爷爷 ENHANCE 老三
老三 MOVE 5,6
老七 MOVE 6,5
老大 MOVE 5,4
小喽啰5 MOVE 7,5
小喽啰5 ATK 老三
爷爷 ENHANCE 老六
爷爷 ENHANCE 老三
老三 MOVE 5,5
老七 ATK 小喽啰5
